{
  "RSpec": {
    "coverage": {
      "/home/ubuntu/workspace/EatAtHome/app/models/user.rb": [
        1,
        1,
        null,
        1,
        1,
        1,
        1,
        1,
        1,
        1,
        1,
        1,
        null,
        1,
        null,
        1,
        44,
        44,
        1,
        null,
        null,
        null,
        null,
        1,
        1,
        null,
        1,
        null,
        null,
        null,
        1,
        15,
        1,
        null,
        14,
        1,
        null,
        13,
        null,
        null,
        null,
        1,
        44,
        44,
        44,
        null,
        44,
        43,
        43,
        null,
        44,
        44,
        null,
        null,
        null,
        1,
        12,
        null,
        null,
        null,
        1,
        2,
        null,
        null,
        1,
        1,
        null,
        null,
        null,
        1,
        1,
        1,
        1,
        1,
        1,
        1,
        1,
        null,
        null
      ],
      "/home/ubuntu/workspace/EatAtHome/app/helpers/application_helper.rb": [
        1,
        null
      ],
      "/home/ubuntu/workspace/EatAtHome/app/helpers/food_images_helper.rb": [
        1,
        null
      ],
      "/home/ubuntu/workspace/EatAtHome/app/helpers/food_reviews_helper.rb": [
        1,
        null
      ],
      "/home/ubuntu/workspace/EatAtHome/app/helpers/orders_helper.rb": [
        1,
        null
      ],
      "/home/ubuntu/workspace/EatAtHome/app/controllers/food_images_controller.rb": [
        1,
        1,
        1,
        null,
        1,
        10,
        null,
        null,
        null,
        null,
        1,
        10,
        32,
        6,
        null,
        null,
        4,
        null,
        1,
        null,
        1,
        null,
        null,
        1,
        10,
        10,
        6,
        null,
        10,
        1,
        null,
        null,
        10,
        10,
        7,
        7,
        2,
        2,
        2,
        null,
        5,
        null,
        null,
        null,
        8,
        3,
        3,
        null,
        null,
        null,
        null,
        1,
        null,
        1,
        3,
        null,
        null,
        null,
        1,
        1,
        1,
        null,
        null,
        null,
        null,
        1,
        3,
        3,
        3,
        3,
        1,
        1,
        1,
        null,
        2,
        2,
        2,
        1,
        1,
        1,
        1,
        1,
        null,
        1,
        null,
        2,
        null,
        null,
        null,
        null,
        1,
        1,
        1,
        1,
        null,
        null,
        1,
        null,
        1,
        1,
        null,
        null
      ],
      "/home/ubuntu/workspace/EatAtHome/app/controllers/application_controller.rb": [
        1,
        null,
        null,
        1,
        null,
        1,
        null,
        null,
        null,
        1,
        105,
        null,
        null,
        null,
        1,
        55,
        2,
        null,
        53,
        null,
        null,
        null,
        null,
        1,
        38,
        38,
        1,
        1,
        null,
        null,
        null
      ],
      "/home/ubuntu/workspace/EatAtHome/app/controllers/food_items_controller.rb": [
        1,
        null,
        1,
        1,
        null,
        1,
        7,
        7,
        1,
        1,
        1,
        null,
        6,
        1,
        1,
        null,
        null,
        null,
        1,
        null,
        45,
        45,
        45,
        null,
        null,
        null,
        1,
        1,
        1,
        null,
        null,
        1,
        null,
        null,
        1,
        null,
        1,
        1,
        null,
        null,
        1,
        1,
        null,
        null,
        1,
        1,
        null,
        null,
        1,
        1,
        null,
        null,
        null,
        null,
        1,
        3,
        null,
        3,
        null,
        null,
        3,
        null,
        3,
        null,
        2,
        2,
        null,
        2,
        1,
        1,
        1,
        1,
        1,
        1,
        null,
        null,
        null,
        1,
        1,
        1,
        1,
        1,
        1,
        null,
        1,
        1,
        1,
        null,
        null,
        null,
        1,
        1,
        null,
        1,
        1,
        null,
        null,
        1,
        1,
        null,
        null,
        1,
        1,
        null,
        null,
        null,
        null,
        null,
        1,
        3,
        3,
        2,
        null,
        1,
        null,
        3,
        null,
        null,
        null,
        1,
        3,
        3,
        3,
        3,
        null,
        3,
        3,
        null,
        3,
        null,
        2,
        2,
        2,
        null,
        2,
        1,
        1,
        1,
        1,
        1,
        1,
        null,
        null,
        null,
        1,
        1,
        1,
        1,
        1,
        1,
        null,
        1,
        1,
        1,
        null,
        null,
        null,
        null,
        1,
        1,
        1,
        1,
        1,
        1,
        null,
        1,
        1,
        1,
        null,
        null,
        null,
        null,
        null,
        null,
        null,
        1,
        3,
        3,
        3,
        null,
        3,
        3,
        2,
        2,
        2,
        null,
        1,
        null,
        null
      ],
      "/home/ubuntu/workspace/EatAtHome/app/controllers/food_reviews_controller.rb": [
        1,
        null,
        1,
        1,
        null,
        null,
        null,
        1,
        1,
        null,
        null,
        null,
        1,
        1,
        null,
        null,
        null,
        1,
        null,
        null,
        null,
        null,
        1,
        5,
        5,
        5,
        5,
        null,
        5,
        5,
        6,
        3,
        null,
        4,
        2,
        null,
        null,
        null,
        null,
        null,
        null,
        1,
        4,
        4,
        4,
        2,
        null,
        4,
        2,
        null,
        null,
        null,
        null,
        null,
        null,
        1,
        2,
        2,
        4,
        2,
        null,
        null,
        null,
        1,
        null,
        1,
        7,
        null,
        null,
        1,
        14,
        null,
        null,
        null,
        1,
        9,
        null,
        null
      ],
      "/home/ubuntu/workspace/EatAtHome/app/controllers/orders_controller.rb": [
        1,
        null,
        null,
        1,
        1,
        null,
        1,
        6,
        null,
        null,
        1,
        1,
        null,
        null,
        1,
        3,
        3,
        3,
        3,
        1,
        1,
        1,
        null,
        2,
        2,
        1,
        1,
        1,
        1,
        null,
        1,
        1,
        1,
        1,
        null,
        null,
        null,
        1,
        4,
        4,
        3,
        1,
        null,
        2,
        null,
        3,
        null,
        1,
        null,
        4,
        null,
        null,
        null
      ],
      "/home/ubuntu/workspace/EatAtHome/app/controllers/password_resets_controller.rb": [
        1,
        null,
        1,
        null,
        null,
        1,
        7,
        7,
        5,
        1,
        1,
        1,
        null,
        4,
        4,
        4,
        4,
        4,
        null,
        2,
        2,
        null,
        null,
        null,
        1,
        3,
        3,
        null,
        1,
        1,
        null,
        null,
        null,
        1,
        7,
        7,
        5,
        5,
        5,
        5,
        null,
        2,
        2,
        null,
        null,
        null,
        1,
        1,
        5,
        null,
        null,
        null
      ],
      "/home/ubuntu/workspace/EatAtHome/app/helpers/states.rb": [
        1,
        1,
        null,
        10,
        null,
        null,
        null,
        null,
        null,
        null,
        null,
        null,
        null,
        null,
        null,
        null,
        null,
        null,
        null,
        null,
        null,
        null,
        null,
        null,
        null,
        null,
        null,
        null,
        null,
        null,
        null,
        null,
        null,
        null,
        null,
        null,
        null,
        null,
        null,
        null,
        null,
        null,
        null,
        null,
        null,
        null,
        null,
        null,
        null,
        null,
        null,
        null,
        null,
        null,
        null,
        null,
        null,
        null
      ],
      "/home/ubuntu/workspace/EatAtHome/app/controllers/sessions_controller.rb": [
        1,
        1,
        null,
        1,
        20,
        null,
        null,
        null,
        null,
        null,
        1,
        2,
        1,
        null,
        null,
        null,
        null,
        1,
        null,
        null,
        null,
        1,
        2,
        1,
        null,
        null,
        null,
        1,
        2,
        2,
        2,
        null,
        2,
        null,
        null,
        1,
        5,
        5,
        2,
        2,
        2,
        2,
        null,
        3,
        3,
        3,
        3,
        3,
        2,
        2,
        2,
        2,
        null,
        1,
        1,
        1,
        1,
        null,
        null,
        null,
        1,
        3,
        3,
        3,
        1,
        null,
        2,
        2,
        2,
        null,
        null,
        3,
        null,
        null,
        1,
        5,
        5,
        2,
        2,
        2,
        null,
        3,
        1,
        1,
        1,
        null,
        2,
        2,
        2,
        null,
        null,
        1,
        2,
        2,
        null,
        null,
        null
      ],
      "/home/ubuntu/workspace/EatAtHome/app/controllers/user_images_controller.rb": [
        1,
        1,
        1,
        null,
        1,
        11,
        null,
        null,
        1,
        11,
        37,
        7,
        null,
        null,
        4,
        null,
        null,
        1,
        null,
        1,
        null,
        1,
        3,
        null,
        null,
        null,
        1,
        1,
        1,
        null,
        null,
        null,
        null,
        1,
        3,
        3,
        3,
        3,
        1,
        1,
        1,
        null,
        2,
        2,
        2,
        1,
        1,
        1,
        1,
        1,
        null,
        1,
        null,
        2,
        null,
        null,
        null,
        null,
        1,
        1,
        1,
        1,
        1,
        null,
        null,
        1,
        null,
        1,
        1,
        null,
        null
      ],
      "/home/ubuntu/workspace/EatAtHome/app/controllers/users_controller.rb": [
        1,
        1,
        null,
        null,
        1,
        null,
        1,
        null,
        null,
        1,
        3,
        null,
        null,
        null,
        1,
        2,
        2,
        2,
        2,
        null,
        null,
        1,
        1,
        1,
        null,
        null,
        null,
        1,
        3,
        3,
        3,
        2,
        2,
        null,
        1,
        1,
        null,
        null,
        null,
        1,
        2,
        2,
        null,
        null,
        1,
        2,
        2,
        2,
        1,
        1,
        null,
        1,
        1,
        1,
        1,
        null,
        null,
        null,
        null,
        1,
        2,
        2,
        2,
        2,
        2,
        null,
        2,
        2,
        1,
        null,
        1,
        null,
        null,
        null,
        null,
        null
      ],
      "/home/ubuntu/workspace/EatAtHome/app/mailers/user_mailer.rb": [
        1,
        1,
        1,
        7,
        null,
        null,
        null,
        null,
        null,
        null,
        null,
        null,
        7,
        7,
        null,
        null,
        null,
        1,
        3,
        3,
        1,
        1,
        1,
        1,
        null,
        null,
        null,
        null,
        null,
        null,
        null,
        1,
        3,
        3,
        1,
        1,
        1,
        1,
        null,
        null,
        null,
        null,
        null,
        null,
        null,
        null,
        1,
        null,
        7,
        7,
        5,
        5,
        5,
        5,
        null,
        null,
        null,
        null,
        null,
        null,
        null,
        null,
        null,
        null
      ],
      "/home/ubuntu/workspace/EatAtHome/app/models/follow.rb": [
        1,
        1,
        1,
        1,
        1,
        null,
        null,
        null
      ],
      "/home/ubuntu/workspace/EatAtHome/app/models/food_image.rb": [
        1,
        1,
        null,
        null,
        null,
        1,
        1,
        null,
        null
      ],
      "/home/ubuntu/workspace/EatAtHome/app/models/food_item.rb": [
        1,
        null,
        1,
        1,
        1,
        1,
        null,
        1,
        null,
        1,
        null,
        1,
        1,
        null,
        null,
        null,
        null,
        1,
        2,
        1,
        null,
        1,
        null,
        null,
        null,
        null,
        null,
        null,
        1,
        8,
        8,
        null,
        null,
        null,
        null,
        null,
        8,
        8,
        9,
        9,
        7,
        null,
        null,
        8,
        null,
        null,
        null,
        1,
        4,
        null,
        null,
        1,
        14,
        null,
        null,
        1,
        10,
        null,
        null,
        null,
        1,
        14,
        14,
        4,
        4,
        4,
        null,
        4,
        4,
        4,
        null,
        10,
        null,
        null,
        1,
        10,
        1,
        2,
        4,
        2,
        null,
        null,
        null,
        null,
        10,
        null,
        null
      ],
      "/home/ubuntu/workspace/EatAtHome/app/models/user_image.rb": [
        1,
        1,
        null,
        1,
        1,
        null,
        null
      ],
      "/home/ubuntu/workspace/EatAtHome/app/models/food_item_portion.rb": [
        1,
        1,
        1,
        null,
        null,
        1,
        1,
        1,
        null
      ],
      "/home/ubuntu/workspace/EatAtHome/app/models/food_review.rb": [
        1,
        1,
        1,
        null,
        1,
        null,
        1,
        null,
        null,
        null,
        null,
        null,
        null
      ],
      "/home/ubuntu/workspace/EatAtHome/app/models/order.rb": [
        1,
        null,
        1,
        null,
        null,
        1,
        1,
        1,
        1,
        1,
        1,
        1,
        1,
        1,
        1,
        null
      ]
    },
    "timestamp": 1449809025
  }
}
